[INFO ] 2024-09-28 19:51:25.384 [main] StepDefinitions - Fetching todo tasks from the API...
[INFO ] 2024-09-28 19:51:25.384 [main] StepDefinitions - Fetching todo tasks from the API...
[INFO ] 2024-09-28 19:51:30.938 [main] StepDefinitions - Fetched 200 todo tasks.
[INFO ] 2024-09-28 19:51:30.938 [main] StepDefinitions - Fetched 200 todo tasks.
[INFO ] 2024-09-28 19:51:30.957 [main] StepDefinitions - Fetching user data from the API...
[INFO ] 2024-09-28 19:51:30.957 [main] StepDefinitions - Fetching user data from the API...
[INFO ] 2024-09-28 19:51:31.598 [main] StepDefinitions - Filtered users from FanCode city: 3 users found.
[INFO ] 2024-09-28 19:51:31.598 [main] StepDefinitions - Filtered users from FanCode city: 3 users found.
[INFO ] 2024-09-28 19:51:31.602 [main] StepDefinitions - Validating completed task percentage for FanCode users...
[INFO ] 2024-09-28 19:51:31.602 [main] StepDefinitions - Validating completed task percentage for FanCode users...
[INFO ] 2024-09-28 19:51:31.609 [main] StepDefinitions - Task completion validation completed successfully.
[INFO ] 2024-09-28 19:51:31.609 [main] StepDefinitions - Task completion validation completed successfully.
[INFO ] 2024-09-28 19:53:02.801 [main] StepDefinitions - Fetching todo tasks from the API...
[INFO ] 2024-09-28 19:53:02.801 [main] StepDefinitions - Fetching todo tasks from the API...
[INFO ] 2024-09-28 19:53:06.554 [main] StepDefinitions - Fetched 200 todo tasks.
[INFO ] 2024-09-28 19:53:06.554 [main] StepDefinitions - Fetched 200 todo tasks.
[INFO ] 2024-09-28 19:53:06.574 [main] StepDefinitions - Fetching user data from the API...
[INFO ] 2024-09-28 19:53:06.574 [main] StepDefinitions - Fetching user data from the API...
[INFO ] 2024-09-28 19:53:06.822 [main] StepDefinitions - Filtered users from FanCode city: 3 users found.
[INFO ] 2024-09-28 19:53:06.822 [main] StepDefinitions - Filtered users from FanCode city: 3 users found.
[INFO ] 2024-09-28 19:53:06.825 [main] StepDefinitions - Validating completed task percentage for FanCode users...
[INFO ] 2024-09-28 19:53:06.825 [main] StepDefinitions - Validating completed task percentage for FanCode users...
[INFO ] 2024-09-28 19:53:06.831 [main] StepDefinitions - Task completion validation completed successfully.
[INFO ] 2024-09-28 19:53:06.831 [main] StepDefinitions - Task completion validation completed successfully.
[INFO ] 2024-09-28 19:55:37.994 [main] StepDefinitions - Fetching todo tasks from the API...
[INFO ] 2024-09-28 19:55:37.994 [main] StepDefinitions - Fetching todo tasks from the API...
[INFO ] 2024-09-28 19:55:42.019 [main] StepDefinitions - Fetched 200 todo tasks.
[INFO ] 2024-09-28 19:55:42.019 [main] StepDefinitions - Fetched 200 todo tasks.
[INFO ] 2024-09-28 19:55:42.040 [main] StepDefinitions - Fetching user data from the API...
[INFO ] 2024-09-28 19:55:42.040 [main] StepDefinitions - Fetching user data from the API...
[INFO ] 2024-09-28 19:55:42.291 [main] StepDefinitions - Filtered users from FanCode city: 3 users found.
[INFO ] 2024-09-28 19:55:42.291 [main] StepDefinitions - Filtered users from FanCode city: 3 users found.
[INFO ] 2024-09-28 19:55:42.294 [main] StepDefinitions - Validating completed task percentage for FanCode users...
[INFO ] 2024-09-28 19:55:42.294 [main] StepDefinitions - Validating completed task percentage for FanCode users...
[INFO ] 2024-09-28 19:55:42.302 [main] StepDefinitions - Task completion validation completed successfully.
[INFO ] 2024-09-28 19:55:42.302 [main] StepDefinitions - Task completion validation completed successfully.
[INFO ] 2024-09-28 20:03:06.801 [main] StepDefinitions - Fetching todo tasks from the API...
[INFO ] 2024-09-28 20:03:06.801 [main] StepDefinitions - Fetching todo tasks from the API...
[INFO ] 2024-09-28 20:03:10.951 [main] StepDefinitions - Fetched 200 todo tasks.
[INFO ] 2024-09-28 20:03:10.951 [main] StepDefinitions - Fetched 200 todo tasks.
[INFO ] 2024-09-28 20:03:10.972 [main] StepDefinitions - Fetching user data from the API...
[INFO ] 2024-09-28 20:03:10.972 [main] StepDefinitions - Fetching user data from the API...
[INFO ] 2024-09-28 20:03:11.245 [main] StepDefinitions - Filtered users from FanCode city: 3 users found.
[INFO ] 2024-09-28 20:03:11.245 [main] StepDefinitions - Filtered users from FanCode city: 3 users found.
[INFO ] 2024-09-28 20:03:11.248 [main] StepDefinitions - Validating completed task percentage for FanCode users...
[INFO ] 2024-09-28 20:03:11.248 [main] StepDefinitions - Validating completed task percentage for FanCode users...
[INFO ] 2024-09-28 20:03:11.259 [main] StepDefinitions - Task completion validation completed successfully.
[INFO ] 2024-09-28 20:03:11.259 [main] StepDefinitions - Task completion validation completed successfully.
[INFO ] 2024-09-28 20:05:08.033 [main] StepDefinitions - Fetching todo tasks from the API...
[INFO ] 2024-09-28 20:05:08.033 [main] StepDefinitions - Fetching todo tasks from the API...
[INFO ] 2024-09-28 20:05:12.481 [main] StepDefinitions - Fetched 200 todo tasks.
[INFO ] 2024-09-28 20:05:12.481 [main] StepDefinitions - Fetched 200 todo tasks.
[INFO ] 2024-09-28 20:05:12.511 [main] StepDefinitions - Fetching user data from the API...
[INFO ] 2024-09-28 20:05:12.511 [main] StepDefinitions - Fetching user data from the API...
[INFO ] 2024-09-28 20:05:13.126 [main] StepDefinitions - Filtered users from FanCode city: 3 users found.
[INFO ] 2024-09-28 20:05:13.126 [main] StepDefinitions - Filtered users from FanCode city: 3 users found.
[INFO ] 2024-09-28 20:05:13.130 [main] StepDefinitions - Validating completed task percentage for FanCode users...
[INFO ] 2024-09-28 20:05:13.130 [main] StepDefinitions - Validating completed task percentage for FanCode users...
[INFO ] 2024-09-28 20:05:13.139 [main] StepDefinitions - Task completion validation completed successfully.
[INFO ] 2024-09-28 20:05:13.139 [main] StepDefinitions - Task completion validation completed successfully.
[INFO ] 2024-09-28 20:08:06.235 [main] StepDefinitions - Fetching todo tasks from the API...
[INFO ] 2024-09-28 20:08:06.235 [main] StepDefinitions - Fetching todo tasks from the API...
[INFO ] 2024-09-28 20:08:10.217 [main] StepDefinitions - Fetched 200 todo tasks.
[INFO ] 2024-09-28 20:08:10.217 [main] StepDefinitions - Fetched 200 todo tasks.
[INFO ] 2024-09-28 20:08:10.242 [main] StepDefinitions - Fetching user data from the API...
[INFO ] 2024-09-28 20:08:10.242 [main] StepDefinitions - Fetching user data from the API...
[INFO ] 2024-09-28 20:08:10.492 [main] StepDefinitions - Filtered users from FanCode city: 3 users found.
[INFO ] 2024-09-28 20:08:10.492 [main] StepDefinitions - Filtered users from FanCode city: 3 users found.
[INFO ] 2024-09-28 20:08:10.496 [main] StepDefinitions - Validating completed task percentage for FanCode users...
[INFO ] 2024-09-28 20:08:10.496 [main] StepDefinitions - Validating completed task percentage for FanCode users...
[INFO ] 2024-09-28 20:08:10.502 [main] StepDefinitions - Task completion validation completed successfully.
[INFO ] 2024-09-28 20:08:10.502 [main] StepDefinitions - Task completion validation completed successfully.
[INFO ] 2024-09-28 20:09:40.662 [main] StepDefinitions - Fetching todo tasks from the API...
[INFO ] 2024-09-28 20:09:40.662 [main] StepDefinitions - Fetching todo tasks from the API...
[INFO ] 2024-09-28 20:09:45.001 [main] StepDefinitions - Fetched 200 todo tasks.
[INFO ] 2024-09-28 20:09:45.001 [main] StepDefinitions - Fetched 200 todo tasks.
[INFO ] 2024-09-28 20:09:45.019 [main] StepDefinitions - Fetching user data from the API...
[INFO ] 2024-09-28 20:09:45.019 [main] StepDefinitions - Fetching user data from the API...
[INFO ] 2024-09-28 20:09:45.595 [main] StepDefinitions - Filtered users from FanCode city: 3 users found.
[INFO ] 2024-09-28 20:09:45.595 [main] StepDefinitions - Filtered users from FanCode city: 3 users found.
[INFO ] 2024-09-28 20:09:45.598 [main] StepDefinitions - Validating completed task percentage for FanCode users...
[INFO ] 2024-09-28 20:09:45.598 [main] StepDefinitions - Validating completed task percentage for FanCode users...
[INFO ] 2024-09-28 20:09:45.604 [main] StepDefinitions - Task completion validation completed successfully.
[INFO ] 2024-09-28 20:09:45.604 [main] StepDefinitions - Task completion validation completed successfully.
[INFO ] 2024-09-28 20:34:52.196 [main] StepDefinitions - Fetching todo tasks from the API...
[INFO ] 2024-09-28 20:34:52.196 [main] StepDefinitions - Fetching todo tasks from the API...
[INFO ] 2024-09-28 20:34:55.282 [main] StepDefinitions - Fetched 200 todo tasks.
[INFO ] 2024-09-28 20:34:55.282 [main] StepDefinitions - Fetched 200 todo tasks.
[INFO ] 2024-09-28 20:34:55.305 [main] StepDefinitions - Fetching user data from the API...
[INFO ] 2024-09-28 20:34:55.305 [main] StepDefinitions - Fetching user data from the API...
[INFO ] 2024-09-28 20:34:55.541 [main] StepDefinitions - Filtered users from FanCode city: 3 users found.
[INFO ] 2024-09-28 20:34:55.541 [main] StepDefinitions - Filtered users from FanCode city: 3 users found.
[INFO ] 2024-09-28 20:34:55.546 [main] StepDefinitions - Validating completed task percentage for FanCode users...
[INFO ] 2024-09-28 20:34:55.546 [main] StepDefinitions - Validating completed task percentage for FanCode users...
[INFO ] 2024-09-28 20:34:55.559 [main] StepDefinitions - Task completion validation completed successfully.
[INFO ] 2024-09-28 20:34:55.559 [main] StepDefinitions - Task completion validation completed successfully.
[INFO ] 2024-09-28 20:35:21.980 [main] StepDefinitions - Fetching todo tasks from the API...
[INFO ] 2024-09-28 20:35:21.980 [main] StepDefinitions - Fetching todo tasks from the API...
[INFO ] 2024-09-28 20:35:25.245 [main] StepDefinitions - Fetched 200 todo tasks.
[INFO ] 2024-09-28 20:35:25.245 [main] StepDefinitions - Fetched 200 todo tasks.
[INFO ] 2024-09-28 20:35:25.265 [main] StepDefinitions - Fetching user data from the API...
[INFO ] 2024-09-28 20:35:25.265 [main] StepDefinitions - Fetching user data from the API...
[INFO ] 2024-09-28 20:35:25.515 [main] StepDefinitions - Filtered users from FanCode city: 3 users found.
[INFO ] 2024-09-28 20:35:25.515 [main] StepDefinitions - Filtered users from FanCode city: 3 users found.
[INFO ] 2024-09-28 20:35:25.518 [main] StepDefinitions - Validating completed task percentage for FanCode users...
[INFO ] 2024-09-28 20:35:25.518 [main] StepDefinitions - Validating completed task percentage for FanCode users...
[INFO ] 2024-09-28 20:35:25.525 [main] StepDefinitions - Task completion validation completed successfully.
[INFO ] 2024-09-28 20:35:25.525 [main] StepDefinitions - Task completion validation completed successfully.
[INFO ] 2024-09-29 09:05:37.099 [main] StepDefinitions - Fetching todo tasks from the API...
[INFO ] 2024-09-29 09:05:37.099 [main] StepDefinitions - Fetching todo tasks from the API...
[INFO ] 2024-09-29 09:05:40.815 [main] StepDefinitions - Fetched 200 todo tasks.
[INFO ] 2024-09-29 09:05:40.815 [main] StepDefinitions - Fetched 200 todo tasks.
[INFO ] 2024-09-29 09:05:40.837 [main] StepDefinitions - Fetching user data from the API...
[INFO ] 2024-09-29 09:05:40.837 [main] StepDefinitions - Fetching user data from the API...
[INFO ] 2024-09-29 09:05:41.276 [main] StepDefinitions - Filtered users from FanCode city: 3 users found.
[INFO ] 2024-09-29 09:05:41.276 [main] StepDefinitions - Filtered users from FanCode city: 3 users found.
[INFO ] 2024-09-29 09:05:41.278 [main] StepDefinitions - Validating completed task percentage for FanCode users...
[INFO ] 2024-09-29 09:05:41.278 [main] StepDefinitions - Validating completed task percentage for FanCode users...
[INFO ] 2024-09-29 09:05:41.292 [main] StepDefinitions - Task completion validation completed successfully.
[INFO ] 2024-09-29 09:05:41.292 [main] StepDefinitions - Task completion validation completed successfully.
[INFO ] 2024-09-29 09:13:22.338 [main] StepDefinitions - Fetching todo tasks from the API...
[INFO ] 2024-09-29 09:13:22.338 [main] StepDefinitions - Fetching todo tasks from the API...
[INFO ] 2024-09-29 09:13:26.071 [main] StepDefinitions - Fetched 200 todo tasks.
[INFO ] 2024-09-29 09:13:26.071 [main] StepDefinitions - Fetched 200 todo tasks.
[INFO ] 2024-09-29 09:13:26.094 [main] StepDefinitions - Fetching user data from the API...
[INFO ] 2024-09-29 09:13:26.094 [main] StepDefinitions - Fetching user data from the API...
[INFO ] 2024-09-29 09:13:26.591 [main] StepDefinitions - Filtered users from FanCode city: 3 users found.
[INFO ] 2024-09-29 09:13:26.591 [main] StepDefinitions - Filtered users from FanCode city: 3 users found.
[INFO ] 2024-09-29 09:13:26.598 [main] StepDefinitions - Validating completed task percentage for FanCode users...
[INFO ] 2024-09-29 09:13:26.598 [main] StepDefinitions - Validating completed task percentage for FanCode users...
[INFO ] 2024-09-29 09:13:26.611 [main] StepDefinitions - Task completion validation completed successfully.
[INFO ] 2024-09-29 09:13:26.611 [main] StepDefinitions - Task completion validation completed successfully.
[INFO ] 2024-09-29 09:19:44.063 [main] StepDefinitions - Fetching todo tasks from the API...
[INFO ] 2024-09-29 09:19:44.063 [main] StepDefinitions - Fetching todo tasks from the API...
[INFO ] 2024-09-29 09:19:47.810 [main] StepDefinitions - Fetched 200 todo tasks.
[INFO ] 2024-09-29 09:19:47.810 [main] StepDefinitions - Fetched 200 todo tasks.
[INFO ] 2024-09-29 09:19:47.830 [main] StepDefinitions - Fetching user data from the API...
[INFO ] 2024-09-29 09:19:47.830 [main] StepDefinitions - Fetching user data from the API...
[INFO ] 2024-09-29 09:19:48.097 [main] StepDefinitions - Filtered users from FanCode city: 3 users found.
[INFO ] 2024-09-29 09:19:48.097 [main] StepDefinitions - Filtered users from FanCode city: 3 users found.
[INFO ] 2024-09-29 09:19:48.102 [main] StepDefinitions - Validating completed task percentage for FanCode users...
[INFO ] 2024-09-29 09:19:48.102 [main] StepDefinitions - Validating completed task percentage for FanCode users...
[INFO ] 2024-09-29 09:19:48.116 [main] StepDefinitions - Task completion validation completed successfully.
[INFO ] 2024-09-29 09:19:48.116 [main] StepDefinitions - Task completion validation completed successfully.
[INFO ] 2024-09-29 10:42:21.419 [main] StepDefinitions - Fetching todo tasks from the API...
[INFO ] 2024-09-29 10:42:21.419 [main] StepDefinitions - Fetching todo tasks from the API...
[INFO ] 2024-09-29 10:42:28.818 [main] StepDefinitions - Fetched 200 todo tasks.
[INFO ] 2024-09-29 10:42:28.818 [main] StepDefinitions - Fetched 200 todo tasks.
[INFO ] 2024-09-29 10:42:28.836 [main] StepDefinitions - Fetching user data from the API...
[INFO ] 2024-09-29 10:42:28.836 [main] StepDefinitions - Fetching user data from the API...
[INFO ] 2024-09-29 10:42:32.731 [main] StepDefinitions - Filtered users from FanCode city: 3 users found.
[INFO ] 2024-09-29 10:42:32.731 [main] StepDefinitions - Filtered users from FanCode city: 3 users found.
[INFO ] 2024-09-29 10:42:32.741 [main] StepDefinitions - Validating completed task percentage for FanCode users...
[INFO ] 2024-09-29 10:42:32.741 [main] StepDefinitions - Validating completed task percentage for FanCode users...
[INFO ] 2024-09-29 10:42:32.757 [main] StepDefinitions - Task completion validation completed successfully.
[INFO ] 2024-09-29 10:42:32.757 [main] StepDefinitions - Task completion validation completed successfully.
[INFO ] 2024-09-29 10:47:51.586 [main] StepDefinitions - Fetching todo tasks from the API...
[INFO ] 2024-09-29 10:47:51.586 [main] StepDefinitions - Fetching todo tasks from the API...
[INFO ] 2024-09-29 10:47:54.621 [main] StepDefinitions - Fetched 200 todo tasks.
[INFO ] 2024-09-29 10:47:54.621 [main] StepDefinitions - Fetched 200 todo tasks.
[INFO ] 2024-09-29 10:47:54.642 [main] StepDefinitions - Fetching user data from the API...
[INFO ] 2024-09-29 10:47:54.642 [main] StepDefinitions - Fetching user data from the API...
[INFO ] 2024-09-29 10:47:54.902 [main] StepDefinitions - Filtered users from FanCode city: 3 users found.
[INFO ] 2024-09-29 10:47:54.902 [main] StepDefinitions - Filtered users from FanCode city: 3 users found.
[INFO ] 2024-09-29 10:47:54.909 [main] StepDefinitions - Validating completed task percentage for FanCode users...
[INFO ] 2024-09-29 10:47:54.909 [main] StepDefinitions - Validating completed task percentage for FanCode users...
[INFO ] 2024-09-29 10:47:54.916 [main] StepDefinitions - Task completion validation completed successfully.
[INFO ] 2024-09-29 10:47:54.916 [main] StepDefinitions - Task completion validation completed successfully.
[INFO ] 2024-09-29 10:49:33.015 [main] StepDefinitions - Fetching todo tasks from the API...
[INFO ] 2024-09-29 10:49:33.015 [main] StepDefinitions - Fetching todo tasks from the API...
[INFO ] 2024-09-29 10:49:37.426 [main] StepDefinitions - Fetched 200 todo tasks.
[INFO ] 2024-09-29 10:49:37.426 [main] StepDefinitions - Fetched 200 todo tasks.
[INFO ] 2024-09-29 10:49:37.441 [main] StepDefinitions - Fetching user data from the API...
[INFO ] 2024-09-29 10:49:37.441 [main] StepDefinitions - Fetching user data from the API...
[INFO ] 2024-09-29 10:49:38.699 [main] StepDefinitions - Filtered users from FanCode city: 3 users found.
[INFO ] 2024-09-29 10:49:38.699 [main] StepDefinitions - Filtered users from FanCode city: 3 users found.
[INFO ] 2024-09-29 10:49:38.704 [main] StepDefinitions - Validating completed task percentage for FanCode users...
[INFO ] 2024-09-29 10:49:38.704 [main] StepDefinitions - Validating completed task percentage for FanCode users...
[INFO ] 2024-09-29 10:49:38.711 [main] StepDefinitions - Task completion validation completed successfully.
[INFO ] 2024-09-29 10:49:38.711 [main] StepDefinitions - Task completion validation completed successfully.
[INFO ] 2024-09-29 11:09:39.390 [main] StepDefinitions - Fetching todo tasks from the API...
[INFO ] 2024-09-29 11:09:39.390 [main] StepDefinitions - Fetching todo tasks from the API...
[INFO ] 2024-09-29 11:09:43.011 [main] StepDefinitions - Fetched 200 todo tasks.
[INFO ] 2024-09-29 11:09:43.011 [main] StepDefinitions - Fetched 200 todo tasks.
[INFO ] 2024-09-29 11:09:43.024 [main] StepDefinitions - Fetching user data from the API...
[INFO ] 2024-09-29 11:09:43.024 [main] StepDefinitions - Fetching user data from the API...
[INFO ] 2024-09-29 11:09:43.286 [main] StepDefinitions - Filtered users from FanCode city: 0 users found.
[INFO ] 2024-09-29 11:09:43.286 [main] StepDefinitions - Filtered users from FanCode city: 0 users found.
[INFO ] 2024-09-29 11:09:43.293 [main] StepDefinitions - Validating completed task percentage for FanCode users...
[INFO ] 2024-09-29 11:09:43.293 [main] StepDefinitions - Validating completed task percentage for FanCode users...
[INFO ] 2024-09-29 11:09:43.294 [main] StepDefinitions - Task completion validation completed successfully.
[INFO ] 2024-09-29 11:09:43.294 [main] StepDefinitions - Task completion validation completed successfully.
[INFO ] 2024-09-29 11:10:46.638 [main] StepDefinitions - Fetching todo tasks from the API...
[INFO ] 2024-09-29 11:10:46.638 [main] StepDefinitions - Fetching todo tasks from the API...
[INFO ] 2024-09-29 11:10:49.843 [main] StepDefinitions - Fetched 200 todo tasks.
[INFO ] 2024-09-29 11:10:49.843 [main] StepDefinitions - Fetched 200 todo tasks.
[INFO ] 2024-09-29 11:10:49.857 [main] StepDefinitions - Fetching user data from the API...
[INFO ] 2024-09-29 11:10:49.857 [main] StepDefinitions - Fetching user data from the API...
[INFO ] 2024-09-29 11:10:50.353 [main] StepDefinitions - Filtered users from FanCode city: 0 users found.
[INFO ] 2024-09-29 11:10:50.353 [main] StepDefinitions - Filtered users from FanCode city: 0 users found.
[INFO ] 2024-09-29 11:10:50.358 [main] StepDefinitions - Validating completed task percentage for FanCode users...
[INFO ] 2024-09-29 11:10:50.358 [main] StepDefinitions - Validating completed task percentage for FanCode users...
[INFO ] 2024-09-29 11:10:50.358 [main] StepDefinitions - Task completion validation completed successfully.
[INFO ] 2024-09-29 11:10:50.358 [main] StepDefinitions - Task completion validation completed successfully.
[INFO ] 2024-09-29 11:11:47.803 [main] StepDefinitions - Fetching todo tasks from the API...
[INFO ] 2024-09-29 11:11:47.803 [main] StepDefinitions - Fetching todo tasks from the API...
[INFO ] 2024-09-29 11:11:50.757 [main] StepDefinitions - Fetched 200 todo tasks.
[INFO ] 2024-09-29 11:11:50.757 [main] StepDefinitions - Fetched 200 todo tasks.
[INFO ] 2024-09-29 11:11:50.771 [main] StepDefinitions - Fetching user data from the API...
[INFO ] 2024-09-29 11:11:50.771 [main] StepDefinitions - Fetching user data from the API...
[INFO ] 2024-09-29 11:17:22.863 [main] StepDefinitions - Fetching todo tasks from the API...
[INFO ] 2024-09-29 11:17:22.863 [main] StepDefinitions - Fetching todo tasks from the API...
[INFO ] 2024-09-29 11:17:25.808 [main] StepDefinitions - Fetched 200 todo tasks.
[INFO ] 2024-09-29 11:17:25.808 [main] StepDefinitions - Fetched 200 todo tasks.
[INFO ] 2024-09-29 11:17:25.821 [main] StepDefinitions - Fetching user data from the API...
[INFO ] 2024-09-29 11:17:25.821 [main] StepDefinitions - Fetching user data from the API...
[INFO ] 2024-09-29 11:17:26.111 [main] StepDefinitions - Filtered users from FanCode city: 3 users found.
[INFO ] 2024-09-29 11:17:26.111 [main] StepDefinitions - Filtered users from FanCode city: 3 users found.
[INFO ] 2024-09-29 11:17:26.114 [main] StepDefinitions - Validating completed task percentage for FanCode users...
[INFO ] 2024-09-29 11:17:26.114 [main] StepDefinitions - Validating completed task percentage for FanCode users...
[INFO ] 2024-09-29 11:17:26.121 [main] StepDefinitions - Task completion validation completed successfully.
[INFO ] 2024-09-29 11:17:26.121 [main] StepDefinitions - Task completion validation completed successfully.
[INFO ] 2024-09-29 11:17:48.058 [main] StepDefinitions - Fetching todo tasks from the API...
[INFO ] 2024-09-29 11:17:48.058 [main] StepDefinitions - Fetching todo tasks from the API...
[INFO ] 2024-09-29 11:17:51.413 [main] StepDefinitions - Fetched 200 todo tasks.
[INFO ] 2024-09-29 11:17:51.413 [main] StepDefinitions - Fetched 200 todo tasks.
[INFO ] 2024-09-29 11:17:51.427 [main] StepDefinitions - Fetching user data from the API...
[INFO ] 2024-09-29 11:17:51.427 [main] StepDefinitions - Fetching user data from the API...
[INFO ] 2024-09-29 11:17:51.686 [main] StepDefinitions - Filtered users from FanCode city: 3 users found.
[INFO ] 2024-09-29 11:17:51.686 [main] StepDefinitions - Filtered users from FanCode city: 3 users found.
[INFO ] 2024-09-29 11:17:51.699 [main] StepDefinitions - Validating completed task percentage for FanCode users...
[INFO ] 2024-09-29 11:17:51.699 [main] StepDefinitions - Validating completed task percentage for FanCode users...
[INFO ] 2024-09-29 11:17:51.709 [main] StepDefinitions - Task completion validation completed successfully.
[INFO ] 2024-09-29 11:17:51.709 [main] StepDefinitions - Task completion validation completed successfully.
[INFO ] 2024-09-29 11:22:11.685 [main] StepDefinitions - Fetching todo tasks from the API...
[INFO ] 2024-09-29 11:22:11.685 [main] StepDefinitions - Fetching todo tasks from the API...
[INFO ] 2024-09-29 11:22:15.504 [main] StepDefinitions - Fetched 200 todo tasks.
[INFO ] 2024-09-29 11:22:15.504 [main] StepDefinitions - Fetched 200 todo tasks.
[INFO ] 2024-09-29 11:22:15.522 [main] StepDefinitions - Fetching user data from the API...
[INFO ] 2024-09-29 11:22:15.522 [main] StepDefinitions - Fetching user data from the API...
[INFO ] 2024-09-29 11:22:15.942 [main] StepDefinitions - Filtered users from FanCode city: 3 users found.
[INFO ] 2024-09-29 11:22:15.942 [main] StepDefinitions - Filtered users from FanCode city: 3 users found.
[INFO ] 2024-09-29 11:22:15.945 [main] StepDefinitions - Validating completed task percentage for FanCode users...
[INFO ] 2024-09-29 11:22:15.945 [main] StepDefinitions - Validating completed task percentage for FanCode users...
[INFO ] 2024-09-29 11:22:15.950 [main] StepDefinitions - Task completion validation completed successfully.
[INFO ] 2024-09-29 11:22:15.950 [main] StepDefinitions - Task completion validation completed successfully.
[INFO ] 2024-09-29 11:33:24.504 [main] StepDefinitions - Fetching todo tasks from the API...
[INFO ] 2024-09-29 11:33:24.504 [main] StepDefinitions - Fetching todo tasks from the API...
[INFO ] 2024-09-29 11:33:27.634 [main] StepDefinitions - Fetched 200 todo tasks.
[INFO ] 2024-09-29 11:33:27.634 [main] StepDefinitions - Fetched 200 todo tasks.
[INFO ] 2024-09-29 11:33:27.647 [main] StepDefinitions - Fetching user data from the API...
[INFO ] 2024-09-29 11:33:27.647 [main] StepDefinitions - Fetching user data from the API...
[INFO ] 2024-09-29 11:33:27.957 [main] StepDefinitions - Filtered users from FanCode city: 3 users found.
[INFO ] 2024-09-29 11:33:27.957 [main] StepDefinitions - Filtered users from FanCode city: 3 users found.
[INFO ] 2024-09-29 11:33:27.963 [main] StepDefinitions - Validating completed task percentage for FanCode users...
[INFO ] 2024-09-29 11:33:27.963 [main] StepDefinitions - Validating completed task percentage for FanCode users...
[INFO ] 2024-09-29 11:33:27.977 [main] StepDefinitions - Task completion validation completed successfully.
[INFO ] 2024-09-29 11:33:27.977 [main] StepDefinitions - Task completion validation completed successfully.
[INFO ] 2024-09-29 13:10:33.812 [main] StepDefinitions - Fetching todo tasks from the API...
[INFO ] 2024-09-29 13:10:33.812 [main] StepDefinitions - Fetching todo tasks from the API...
[INFO ] 2024-09-29 13:10:37.138 [main] StepDefinitions - Fetched 200 todo tasks.
[INFO ] 2024-09-29 13:10:37.138 [main] StepDefinitions - Fetched 200 todo tasks.
[INFO ] 2024-09-29 13:10:37.151 [main] StepDefinitions - Fetching user data from the API...
[INFO ] 2024-09-29 13:10:37.151 [main] StepDefinitions - Fetching user data from the API...
[INFO ] 2024-09-29 13:10:37.651 [main] StepDefinitions - Filtered users from FanCode city: 3 users found.
[INFO ] 2024-09-29 13:10:37.651 [main] StepDefinitions - Filtered users from FanCode city: 3 users found.
[INFO ] 2024-09-29 13:10:37.657 [main] StepDefinitions - Validating completed task percentage for FanCode users...
[INFO ] 2024-09-29 13:10:37.657 [main] StepDefinitions - Validating completed task percentage for FanCode users...
[INFO ] 2024-09-29 13:10:37.664 [main] StepDefinitions - Task completion validation completed successfully.
[INFO ] 2024-09-29 13:10:37.664 [main] StepDefinitions - Task completion validation completed successfully.
